<?xml version="1.0" encoding="UTF-8"?>
<!-- Generated by org.testng.reporters.JUnitReportReporter -->
<testsuite hostname="DESKTOP-A47KEU6" failures="0" tests="1" name="Testcases.TestCase_Login" time="44.286" errors="0" timestamp="2023-02-28T11:51:03 IST" skipped="0">
  <testcase classname="Testcases.TestCase_Login" name="DoctorsTest" time="44.286"/>
  <system-out/>
</testsuite> <!-- Testcases.TestCase_Login -->
